0 info it worked if it ends with ok
1 verbose cli [ '/usr/local/bin/node', '/usr/local/bin/npm', 'publish' ]
2 info using npm@3.10.8
3 info using node@v6.9.1
4 verbose publish [ '.' ]
5 silly cache add args [ '.', null ]
6 verbose cache add spec .
7 silly cache add parsed spec Result {
7 silly cache add   raw: '.',
7 silly cache add   scope: null,
7 silly cache add   escapedName: null,
7 silly cache add   name: null,
7 silly cache add   rawSpec: '.',
7 silly cache add   spec: '/Users/gochinj/ws/noinfopath/noinfopath-ui',
7 silly cache add   type: 'directory' }
8 verbose addLocalDirectory /Users/gochinj/.npm/@noinfopath/noinfopath-ui/2.0.36/package.tgz not in flight; packing
9 verbose correctMkdir /Users/gochinj/.npm correctMkdir not in flight; initializing
10 info lifecycle @noinfopath/noinfopath-ui@2.0.36~prepublish: @noinfopath/noinfopath-ui@2.0.36
11 silly lifecycle @noinfopath/noinfopath-ui@2.0.36~prepublish: no script for prepublish, continuing
12 verbose tar pack [ '/Users/gochinj/.npm/@noinfopath/noinfopath-ui/2.0.36/package.tgz',
12 verbose tar pack   '/Users/gochinj/ws/noinfopath/noinfopath-ui' ]
13 verbose tarball /Users/gochinj/.npm/@noinfopath/noinfopath-ui/2.0.36/package.tgz
14 verbose folder /Users/gochinj/ws/noinfopath/noinfopath-ui
15 verbose addLocalTarball adding from inside cache /Users/gochinj/.npm/@noinfopath/noinfopath-ui/2.0.36/package.tgz
16 verbose correctMkdir /Users/gochinj/.npm correctMkdir not in flight; initializing
17 silly cache afterAdd @noinfopath/noinfopath-ui@2.0.36
18 verbose afterAdd /Users/gochinj/.npm/@noinfopath/noinfopath-ui/2.0.36/package/package.json not in flight; writing
19 verbose correctMkdir /Users/gochinj/.npm correctMkdir not in flight; initializing
20 verbose afterAdd /Users/gochinj/.npm/@noinfopath/noinfopath-ui/2.0.36/package/package.json written
21 silly publish { name: '@noinfopath/noinfopath-ui',
21 silly publish   shortName: 'noinfopath-ui',
21 silly publish   version: '2.0.36',
21 silly publish   description: 'noInfoPath UI module',
21 silly publish   license: 'MIT',
21 silly publish   author:
21 silly publish    { name: 'noInfoPath',
21 silly publish      email: 'info@noInfoPath.org',
21 silly publish      url: 'http://www.noinfopath.org/' },
21 silly publish   main: 'noinfopath-ui.js',
21 silly publish   directories: { test: 'test' },
21 silly publish   repository:
21 silly publish    { type: 'git',
21 silly publish      url: 'http://gitlab.imginconline.com/noinfopath/noinfopath-ui.git' },
21 silly publish   scripts: { test: 'echo "Error: no test specified" && exit 1' },
21 silly publish   dependencies:
21 silly publish    { '@noinfopath/noinfopath-data': '^1.2.15',
21 silly publish      '@noinfopath/noinfopath-kendo-ui': '^1.2.10',
21 silly publish      '@noinfopath/noinfopath-logger': '^1.0.1',
21 silly publish      angular: '^1.5.5',
21 silly publish      'angular-mocks': '^1.5.5',
21 silly publish      noinfopath: '^0.2.5' },
21 silly publish   devDependencies:
21 silly publish    { 'angular-mocks': '^1.3.8',
21 silly publish      grunt: '^0.4.5',
21 silly publish      'grunt-bumpup': '^0.6.2',
21 silly publish      'grunt-contrib-concat': '^0.5.1',
21 silly publish      'grunt-contrib-copy': '^0.8.0',
21 silly publish      'grunt-contrib-watch': '^0.6.1',
21 silly publish      'grunt-karma': '^0.10.1',
21 silly publish      'grunt-nodocs': '^1.0.2',
21 silly publish      'grunt-shell': '^2.1.0',
21 silly publish      'grunt-version': '^1.0.0',
21 silly publish      'jasmine-ajax': '^3.0.0',
21 silly publish      'jasmine-core': '^2.1.3',
21 silly publish      jsdoc: '^3.3.0-beta1',
21 silly publish      'jshint-stylish': '^1.0.1',
21 silly publish      karma: '^0.12.28',
21 silly publish      'karma-chrome-launcher': '^0.1.7',
21 silly publish      'karma-coverage': '^0.2.7',
21 silly publish      'karma-html-reporter': '^0.2.4',
21 silly publish      'karma-ie-launcher': '^0.1.5',
21 silly publish      'karma-jasmine': '^0.3.3',
21 silly publish      'karma-phantomjs-launcher': '^0.1.4',
21 silly publish      'karma-safari-launcher': '^0.1.1',
21 silly publish      'karma-verbose-reporter': '0.0.1',
21 silly publish      'noinfopath-helpers': '0.0.16',
21 silly publish      phantomjs: '^1.9.15' },
21 silly publish   readme: '[NoInfoPath Home](http://gitlab.imginconline.com/noinfopath/noinfopath/wikis/home)\n\n___\n\n[NoInfoPath UI (noinfopath-ui)](home)  *@version 2.0.32 *\n\n[![build status](http://gitlab.imginconline.com/noinfopath/noinfopath-ui/badges/master/build.svg)](http://gitlab.imginconline.com/noinfopath/noinfopath-ui/commits/master)\n\nCopyright (c) 2017 The NoInfoPath Group, LLC.\n\nLicensed under the MIT License. (MIT)\n\n___\n\nnoAutoComplete Directive\n------------------------\n\n\n### NoBtnGroupDirective\n\n### NoButtonDirective\n\nExtands a standard button element to support noActionQueue configurations\nthat are store in `area.json` files.\n\n\n#### Configuration\n\n```json\n\n{\n\tmyButtonConfig: {\n"actions": [\n\t\t\t{\n\t\t\t\t"provider": "$state",\n\t\t\t\t"method": "go",\n\t\t\t\t"noContextParams": true,\n\t\t\t\t"params": [\n\t\t\t\t\t"efr.project.search",\n\t\t\t\t\t{\n\t\t\t\t\t\t"provider": "noStateHelper",\n\t\t\t\t\t\t"method": "makeStateParams",\n\t\t\t\t\t\t"params": [\n\t\t\t\t\t\t\t{\n\t\t\t\t\t\t\t\t"key": "id",\n\t\t\t\t\t\t\t\t"provider": "scope",\n\t\t\t\t\t\t\t\t"property": "document.ProjectID.ID"\n\t\t\t\t\t\t\t}\n\t\t\t\t\t\t],\n\t\t\t\t\t\t"passLocalScope": true\n\t\t\t\t\t}\n\t\t\t\t]\n\t\t\t}\n\t\t]\n\t}\n}\n\n```\n\n\n [NoInfoPath Home](http://gitlab.imginconline.com/noinfopath/noinfopath/wikis/home)\n ___\n\n [NoInfoPath UI (noinfopath-ui)](home) * @version 2.0.32 *\n\n [![Build Status](http://gitlab.imginconline.com:8081/buildStatus/icon?job=noinfopath-ui&build=6)](http://gitlab.imginconline.com/job/noinfopath-data/6/)\n\n Copyright (c) 2017 The NoInfoPath Group, LLC.\n\n Licensed under the MIT License. (MIT)\n\n ___\n\n\n## noDataPanel Directive\n\nRenders a databound panel that can contain any kind of HTML content, which can be bound data on $scope.\nThe datasources bring bound to are NoInfoPath data providers.\n\n### Sample HTML\n\n ```html\n <no-data-panel no-form="noForms.noComponents.foo"/>\n ```\n\n|Property|Description|\n|--------|-----------|\n|no-form|The property that the configuration is located for the NoDataPanel|\n\n### Sample Configuration\n\n ```json\n {\n \t"foo": {\n \t\t"scopeKey": "foo",\n\t\t"noDataPanel": {\n\t\t\t"version": 1,\n\t\t\t"saveOnRootScope": true,\n\t\t\t"resultType": "one"\n\t\t\t"refresh": {\n\t\t\t\t"property": "bar"\n\t\t\t},\n\t\t\t"templateUrl": "foo.html"\n\t\t},\n\t\t"noDataSource": {\n \t\t\t"dataProvider": "noWebSQL",\n \t\t\t"databaseName": "testdb",\n \t\t\t"entityName": "Foo",\n \t\t\t"primaryKey": "FooID",\n\t\t\t"filter": [\n\t\t\t\t{\n\t\t\t\t\t"field": "FooID",\n\t\t\t\t\t"operator": "eq",\n\t\t\t\t\t"value": {\n\t\t\t\t\t\t"source": "$stateParams",\n\t\t\t\t\t\t"property": "id"\n\t\t\t\t\t}\n\t\t\t\t}\n\t\t\t]\n \t\t}\n \t}\n}\n ```\n\n|Configuration Property|Type|Description|\n|----------------------|----|-----------|\n|scopeKey|String|The property that the NoDataPanel directive will databind to|\n|noDataPanel|Object|A configuration object specific to the NoDataPanel directive|\n|noDataPanel.refresh|Object|An object holding configuration that will trigger the NoDataPanel to request data again|\n|noDataPanel.refresh.property|String|The property on the scope that the NoDataPanel to watch. On change, it will request the data again|\n|noDataPanel.resultType|String|Default `one`. The type of call that will be performed when the NoDataPanel uses the NoDataSource to query for data|\n|noDataPanel.saveOnRootScope|Boolean|Default false. Sets what NoDataPanel returns on the local scope if false, or the rootScope if true.|\n|noDataPanel.templateUrl|String|The path to an html document to load within the NoDataPanel directive|\n|noDataPanel.version|Interger|Default `1`. If version is `1`, NoDataPanel saves a [NoResults](http://gitlab.imginconline.com/noinfopath/noinfopath-data/wikis/classes) object to the scopeKey. If version is `2`, NoDataPanel saves a [NoDataModel](http://gitlab.imginconline.com/noinfopath/noinfopath-data/wikis/classes) object to the scopeKey|\n|noDataSource|Object|Configuration for NoInfoPath Data NoDataSource. Read more here: [NoDataSource](http://gitlab.imginconline.com/noinfopath/noinfopath-data/wikis/data-source)|\n\n[NoInfoPath Home](http://gitlab.imginconline.com/noinfopath/noinfopath/wikis/home)\n\nNoInfoPath UI (noinfopath-ui)\n=============================================\n\n*@version 2.0.32* [![build status](http://gitlab.imginconline.com/noinfopath/noinfopath-ui/badges/master/build.svg)](http://gitlab.imginconline.com/noinfopath/noinfopath-ui/commits/master)\n\nCopyright (c) 2017 The NoInfoPath Group, LLC.\n\nLicensed under the MIT License. (MIT)\n___\n\n<div class="no-ctrl-group" noid="NOIDbe97eec4fd53452ba72be0281d83bbad" dnd-list="" dnd-drop="">\n\t<label>Label</label>\n\t<control>\n\t\t<input class="form-control">\n\t</control>\n</div>\n\n## noNotificationService\n\nHas the ability to create notifications in the DOM with a message and specific options.\n\n### Sample Usage\n\nThis sample show how to use the noNotificationService\nservice in your code.\n\n```js\nnoNotificationService.appendMessage("Hello World", {id: "jawnjawnjawn"});\n```\n\n### Sample Options\n\n```js\n{\n    ttl: 1000, // Time to live in milliseconds\n    dismissible: false, // If true, message will be stuck until dismissed\n    type: "info" // A specific type that connects to bootstrap classes. Can be warning, info, danger, or success\n}\n```\n| Option Name | Description                                                                                                         |\n|-------------|---------------------------------------------------------------------------------------------------------------------|\n| ttl         | This is the time to live. It defaults to `1000` ms (1 second).                                                        |\n| dismissable | This is default to `false`. If set to true, the notification will have an "x" and stay on the screen until dismissed. |\n| type        | This corresponds to the bootstrap classes. Possible values are `warning`, `info`, `danger`, or `success`. Default is `info`.  |\n| classes          | An array of CSS classes to add onto the notification                                   |\n| id          | A specific id can be given so the same message cannot be shown repeatedly.                                    |\n\n### How it Works\nWhen append message is called, an element is appended to the DOM, off the `<no-notifications>` element.\nIt uses CSS defined in `_notification.scss`. `$interval` is used to update the `age` property on the element.\nWhen the `age` is greater than the `ttl` defined in the options, the element is removed.\n\n[NoInfoPath Home](http://gitlab.imginconline.com/noinfopath/noinfopath/wikis/home)\n\n___\n\n[NoInfoPath UI (noinfopath-ui)](home)  *@version 2.0.32 *\n\n[![build status](http://gitlab.imginconline.com/noinfopath/noinfopath-ui/badges/master/build.svg)](http://gitlab.imginconline.com/noinfopath/noinfopath-ui/commits/master)\n\nCopyright (c) 2017 The NoInfoPath Group, LLC.\n\nLicensed under the MIT License. (MIT)\n\n___\n\nnoThumbnailViewer Directive\n------------------------\n\n\n',
21 silly publish   readmeFilename: 'README.md',
21 silly publish   gitHead: 'f858123caf768011f8bfb9cdedd0d80e0fd52c95',
21 silly publish   _id: '@noinfopath/noinfopath-ui@2.0.36',
21 silly publish   _shasum: '6d4127e5d9ca73ca3e06baec29b3cf876451d8d1',
21 silly publish   _from: '.' }
22 verbose getPublishConfig undefined
23 silly mapToRegistry name @noinfopath/noinfopath-ui
24 silly mapToRegistry scope (from package name) @noinfopath
25 verbose mapToRegistry no registry URL found in name for scope @noinfopath
26 silly mapToRegistry using default registry
27 silly mapToRegistry registry https://registry.npmjs.org/
28 silly mapToRegistry data Result {
28 silly mapToRegistry   raw: '@noinfopath/noinfopath-ui',
28 silly mapToRegistry   scope: '@noinfopath',
28 silly mapToRegistry   escapedName: '@noinfopath%2fnoinfopath-ui',
28 silly mapToRegistry   name: '@noinfopath/noinfopath-ui',
28 silly mapToRegistry   rawSpec: '',
28 silly mapToRegistry   spec: 'latest',
28 silly mapToRegistry   type: 'tag' }
29 silly mapToRegistry uri https://registry.npmjs.org/@noinfopath%2fnoinfopath-ui
30 verbose publish registryBase https://registry.npmjs.org/
31 silly publish uploading /Users/gochinj/.npm/@noinfopath/noinfopath-ui/2.0.36/package.tgz
32 verbose request uri https://registry.npmjs.org/@noinfopath%2fnoinfopath-ui
33 verbose request sending authorization for write operation
34 info attempt registry request try #1 at 7:26:06 PM
35 verbose request using bearer token for auth
36 verbose request id f4801b3cf2a16c5d
37 http request PUT https://registry.npmjs.org/@noinfopath%2fnoinfopath-ui
38 http 403 https://registry.npmjs.org/@noinfopath%2fnoinfopath-ui
39 verbose headers { 'content-type': 'application/json',
39 verbose headers   'cache-control': 'max-age=0',
39 verbose headers   'content-length': '96',
39 verbose headers   'accept-ranges': 'bytes',
39 verbose headers   date: 'Thu, 30 Mar 2017 23:26:11 GMT',
39 verbose headers   via: '1.1 varnish',
39 verbose headers   connection: 'keep-alive',
39 verbose headers   'x-served-by': 'cache-iad2136-IAD',
39 verbose headers   'x-cache': 'MISS',
39 verbose headers   'x-cache-hits': '0',
39 verbose headers   'x-timer': 'S1490916366.395638,VS0,VE4673' }
40 verbose request invalidating /Users/gochinj/.npm/registry.npmjs.org/_40noinfopath_252fnoinfopath-ui on PUT
41 error publish Failed PUT 403
42 verbose stack Error: "You cannot publish over the previously published version 2.0.36." : @noinfopath/noinfopath-ui
42 verbose stack     at makeError (/usr/local/lib/node_modules/npm/node_modules/npm-registry-client/lib/request.js:302:12)
42 verbose stack     at CachingRegistryClient.<anonymous> (/usr/local/lib/node_modules/npm/node_modules/npm-registry-client/lib/request.js:290:14)
42 verbose stack     at Request._callback (/usr/local/lib/node_modules/npm/node_modules/npm-registry-client/lib/request.js:210:14)
42 verbose stack     at Request.self.callback (/usr/local/lib/node_modules/npm/node_modules/request/request.js:187:22)
42 verbose stack     at emitTwo (events.js:106:13)
42 verbose stack     at Request.emit (events.js:191:7)
42 verbose stack     at Request.<anonymous> (/usr/local/lib/node_modules/npm/node_modules/request/request.js:1044:10)
42 verbose stack     at emitOne (events.js:96:13)
42 verbose stack     at Request.emit (events.js:188:7)
42 verbose stack     at IncomingMessage.<anonymous> (/usr/local/lib/node_modules/npm/node_modules/request/request.js:965:12)
43 verbose statusCode 403
44 verbose pkgid @noinfopath/noinfopath-ui
45 verbose cwd /Users/gochinj/ws/noinfopath/noinfopath-ui
46 error Darwin 16.4.0
47 error argv "/usr/local/bin/node" "/usr/local/bin/npm" "publish"
48 error node v6.9.1
49 error npm  v3.10.8
50 error code E403
51 error "You cannot publish over the previously published version 2.0.36." : @noinfopath/noinfopath-ui
52 error If you need help, you may report this error at:
52 error     <https://github.com/npm/npm/issues>
53 verbose exit [ 1, true ]
